<?xml version="1.0" encoding="UTF-8"?>
<!-- Generated by org.testng.reporters.JUnitXMLReporter -->
<testsuite ignored="0" hostname="KANDAKATLA" failures="1" tests="14" name="Tutorials Ninja Testcases" time="100.848" errors="0" timestamp="2023-02-27T15:59:49 EST">
  <testcase classname="com.tutorialsninja.qa.testcases.RegisterTest" name="verifyRegisteringWithMandatoryFields" time="3.498"/>
  <testcase classname="com.tutorialsninja.qa.testcases.RegisterTest" name="verifyRegisteringWithAllFields" time="3.676"/>
  <testcase classname="com.tutorialsninja.qa.testcases.RegisterTest" name="verifyRegisteringWithExistingEmail" time="3.055"/>
  <testcase classname="com.tutorialsninja.qa.testcases.RegisterTest" name="verifyRegisteringWithoutAnyDetails" time="2.557"/>
  <testcase classname="com.tutorialsninja.qa.testcases.LoginTest" name="verifyLoginWithValidCredentials" time="3.05"/>
  <testcase classname="com.tutorialsninja.qa.testcases.LoginTest" name="verifyLoginWithValidCredentials" time="3.075"/>
  <testcase classname="com.tutorialsninja.qa.testcases.LoginTest" name="verifyLoginWithValidCredentials" time="3.024"/>
  <testcase classname="com.tutorialsninja.qa.testcases.LoginTest" name="verifyLoginWithInValidCredentials" time="2.821"/>
  <testcase classname="com.tutorialsninja.qa.testcases.LoginTest" name="verifyLoginWithInvalidEmailAndValidPassword" time="2.774"/>
  <testcase classname="com.tutorialsninja.qa.testcases.LoginTest" name="verifyLoginWithValidEmailAndInvalidPassword" time="2.764"/>
  <testcase classname="com.tutorialsninja.qa.testcases.LoginTest" name="verifyLoginWithEmptyCredentials" time="2.525"/>
  <testcase classname="com.tutorialsninja.qa.testcases.SearchTest" name="verifySearchWithValidProduct" time="0.811"/>
  <testcase classname="com.tutorialsninja.qa.testcases.SearchTest" name="verifySearchWithInvalidProduct" time="0.582">
    <failure type="java.lang.AssertionError" message="Search results found for invalid search expected [true] but found [false]">
      <![CDATA[java.lang.AssertionError: Search results found for invalid search expected [true] but found [false]
at com.tutorialsninja.qa.testcases.SearchTest.verifySearchWithInvalidProduct(SearchTest.java:57)
at java.base/java.util.ArrayList.forEach(ArrayList.java:1511)
... Removed 34 stack frames]]>
    </failure>
  </testcase> <!-- verifySearchWithInvalidProduct -->
  <testcase classname="com.tutorialsninja.qa.testcases.SearchTest" name="verifySearchWithoutEmptyDetails" time="0.0">
    <skipped/>
  </testcase> <!-- verifySearchWithoutEmptyDetails -->
</testsuite> <!-- Tutorials Ninja Testcases -->
